I191103 08:19:22.174733 1 util/log/clog.go:1199  [config] file created at: 2019/11/03 08:19:22
I191103 08:19:22.174733 1 util/log/clog.go:1199  [config] running on machine: 055e515ac95e
I191103 08:19:22.174733 1 util/log/clog.go:1199  [config] binary: CockroachDB CCL v19.1.3 (x86_64-unknown-linux-gnu, built 2019/07/08 18:24:39, go1.11.6)
I191103 08:19:22.174733 1 util/log/clog.go:1199  [config] arguments: [/cockroach/cockroach start --insecure]
I191103 08:19:22.174733 1 util/log/clog.go:1199  line format: [IWEF]yymmdd hh:mm:ss.uuuuuu goid file:line msg utf8=✓
I191103 08:19:22.174732 1 cli/start.go:1033  logging to directory /cockroach/cockroach-data/logs
W191103 08:19:22.183711 1 cli/start.go:1068  RUNNING IN INSECURE MODE!

- Your cluster is open for any client that can access <all your IP addresses>.
- Any user, even root, can log in without providing a password.
- Any user, connecting as root, can read or write any data in your cluster.
- There is no network encryption nor authentication, and thus no confidentiality.

Check out how to secure your cluster: https://www.cockroachlabs.com/docs/v19.1/secure-a-cluster.html
I191103 08:19:22.184911 1 server/status/recorder.go:610  available memory from cgroups (8.0 EiB) exceeds system memory 2.0 GiB, using system memory
W191103 08:19:22.198812 1 cli/start.go:944  Using the default setting for --cache (128 MiB).
  A significantly larger value is usually needed for good performance.
  If you have a dedicated server a reasonable setting is --cache=.25 (500 MiB).
I191103 08:19:22.199004 1 server/status/recorder.go:610  available memory from cgroups (8.0 EiB) exceeds system memory 2.0 GiB, using system memory
W191103 08:19:22.199024 1 cli/start.go:957  Using the default setting for --max-sql-memory (128 MiB).
  A significantly larger value is usually needed in production.
  If you have a dedicated server a reasonable setting is --max-sql-memory=.25 (500 MiB).
I191103 08:19:22.199139 1 server/status/recorder.go:610  available memory from cgroups (8.0 EiB) exceeds system memory 2.0 GiB, using system memory
I191103 08:19:22.199151 1 cli/start.go:1082  CockroachDB CCL v19.1.3 (x86_64-unknown-linux-gnu, built 2019/07/08 18:24:39, go1.11.6)
I191103 08:19:22.315026 1 server/status/recorder.go:610  available memory from cgroups (8.0 EiB) exceeds system memory 2.0 GiB, using system memory
I191103 08:19:22.315042 1 server/config.go:386  system total memory: 2.0 GiB
I191103 08:19:22.315072 1 server/config.go:388  server configuration:
max offset             500000000
cache size             128 MiB
SQL memory pool size   128 MiB
scan interval          10m0s
scan min idle time     10ms
scan max idle time     1s
event log enabled      true
I191103 08:19:22.315084 1 cli/start.go:922  using local environment variables: COCKROACH_CHANNEL=official-docker
I191103 08:19:22.315093 1 cli/start.go:929  process identity: uid 0 euid 0 gid 0 egid 0
I191103 08:19:22.315099 1 cli/start.go:554  starting cockroach node
I191103 08:19:22.321312 12 storage/engine/rocksdb.go:613  opening rocksdb instance at "/cockroach/cockroach-data/cockroach-temp964274362"
I191103 08:19:22.406946 12 server/server.go:879  [n?] monitoring forward clock jumps based on server.clock.forward_jump_check_enabled
I191103 08:19:22.409981 12 storage/engine/rocksdb.go:613  opening rocksdb instance at "/cockroach/cockroach-data"
I191103 08:19:22.441643 12 server/config.go:494  [n?] 1 storage engine initialized
I191103 08:19:22.441655 12 server/config.go:497  [n?] RocksDB cache size: 128 MiB
I191103 08:19:22.441660 12 server/config.go:497  [n?] store 0: RocksDB, max size 0 B, max open file limit 1043576
W191103 08:19:22.448157 12 cli/start.go:896  neither --listen-addr nor --advertise-addr was specified.
The server will advertise "055e515ac95e" to other nodes, is this routable?

Consider using:
- for local-only servers:  --listen-addr=localhost
- for multi-node clusters: --advertise-addr=<host/IP addr>
I191103 08:19:22.481211 12 util/stop/stopper.go:546  [n?] quiescing; tasks left:
1      [async] intent_resolver_ir_batcher
1      [async] intent_resolver_gc_batcher
I191103 08:19:22.481436 12 util/stop/stopper.go:546  [n?] quiescing; tasks left:
1      [async] intent_resolver_gc_batcher
I191103 08:19:22.481943 12 server/node.go:358  [n?] **** cluster 432835a4-265c-4121-a83d-35d46abcd552 has been created
I191103 08:19:22.481958 12 server/server.go:1432  [n?] **** add additional nodes by specifying --join=055e515ac95e:26257
I191103 08:19:22.482249 12 gossip/gossip.go:392  [n1] NodeDescriptor set to node_id:1 address:<network_field:"tcp" address_field:"055e515ac95e:26257" > attrs:<> locality:<> ServerVersion:<major_val:19 minor_val:1 patch:0 unstable:0 > build_tag:"v19.1.3" started_at:1572769162482123232 
W191103 08:19:22.493136 183 storage/store.go:1525  [n1,s1,r6/1:/Table/{SystemCon…-11}] could not gossip system config: [NotLeaseHolderError] r6: replica (n1,s1):1 not lease holder; lease holder unknown
I191103 08:19:22.521892 12 server/node.go:461  [n1] initialized store [n1,s1]: disk (capacity=58 TiB, available=17 TiB, used=29 KiB, logicalBytes=8.3 KiB), ranges=20, leases=2, queries=0.00, writes=0.00, bytesPerReplica={p10=0.00 p25=0.00 p50=0.00 p75=0.00 p90=887.00 pMax=7467.00}, writesPerReplica={p10=0.00 p25=0.00 p50=0.00 p75=0.00 p90=0.00 pMax=0.00}
I191103 08:19:22.522001 12 storage/stores.go:244  [n1] read 0 node addresses from persistent storage
I191103 08:19:22.522116 12 server/node.go:699  [n1] connecting to gossip network to verify cluster ID...
I191103 08:19:22.522132 12 server/node.go:719  [n1] node connected via gossip and verified as part of cluster "432835a4-265c-4121-a83d-35d46abcd552"
I191103 08:19:22.522224 12 server/node.go:542  [n1] node=1: started with [<no-attributes>=/cockroach/cockroach-data] engine(s) and attributes []
I191103 08:19:22.523629 12 server/status/recorder.go:610  [n1] available memory from cgroups (8.0 EiB) exceeds system memory 2.0 GiB, using system memory
I191103 08:19:22.525991 12 server/server.go:1592  [n1] starting http server at [::]:8080 (use: 055e515ac95e:8080)
I191103 08:19:22.526003 12 server/server.go:1594  [n1] starting grpc/postgres server at [::]:26257
I191103 08:19:22.526011 12 server/server.go:1595  [n1] advertising CockroachDB node at 055e515ac95e:26257
W191103 08:19:22.526651 12 jobs/registry.go:341  [n1] unable to get node liveness: node not in the liveness table
I191103 08:19:22.622807 228 sql/event_log.go:135  [n1,intExec=optInToDiagnosticsStatReporting] Event: "set_cluster_setting", target: 0, info: {SettingName:diagnostics.reporting.enabled Value:true User:root}
I191103 08:19:22.652371 113 sql/event_log.go:135  [n1,intExec=set-setting] Event: "set_cluster_setting", target: 0, info: {SettingName:version Value:19.1 User:root}
I191103 08:19:22.659101 248 sql/event_log.go:135  [n1,intExec=disableNetTrace] Event: "set_cluster_setting", target: 0, info: {SettingName:trace.debug.enable Value:false User:root}
I191103 08:19:22.676714 280 sql/event_log.go:135  [n1,intExec=initializeClusterSecret] Event: "set_cluster_setting", target: 0, info: {SettingName:cluster.secret Value:62f052c4-019c-438d-9948-0c21c3e45990 User:root}
I191103 08:19:22.686727 265 sql/event_log.go:135  [n1,intExec=create-default-db] Event: "create_database", target: 50, info: {DatabaseName:defaultdb Statement:CREATE DATABASE IF NOT EXISTS defaultdb User:root}
I191103 08:19:22.691793 61 sql/event_log.go:135  [n1,intExec=create-default-db] Event: "create_database", target: 51, info: {DatabaseName:postgres Statement:CREATE DATABASE IF NOT EXISTS postgres User:root}
I191103 08:19:22.708350 12 server/server.go:1660  [n1] done ensuring all necessary migrations have run
I191103 08:19:22.708395 12 server/server.go:1663  [n1] serving sql connections
I191103 08:19:22.710637 308 server/server_update.go:67  [n1] no need to upgrade, cluster already at the newest version
I191103 08:19:22.711166 12 cli/start.go:689  [config] clusterID: 432835a4-265c-4121-a83d-35d46abcd552
I191103 08:19:22.711190 12 cli/start.go:697  node startup completed:
CockroachDB node starting at 2019-11-03 08:19:22.708465047 +0000 UTC (took 0.5s)
build:               CCL v19.1.3 @ 2019/07/08 18:24:39 (go1.11.6)
webui:               http://055e515ac95e:8080
sql:                 postgresql://root@055e515ac95e:26257?sslmode=disable
client flags:        /cockroach/cockroach <client cmd> --host=055e515ac95e:26257 --insecure
logs:                /cockroach/cockroach-data/logs
temp dir:            /cockroach/cockroach-data/cockroach-temp964274362
external I/O path:   /cockroach/cockroach-data/extern
store[0]:            path=/cockroach/cockroach-data
status:              initialized new cluster
clusterID:           432835a4-265c-4121-a83d-35d46abcd552
nodeID:              1
I191103 08:19:22.721568 311 sql/event_log.go:135  [n1] Event: "node_join", target: 1, info: {Descriptor:{NodeID:1 Address:055e515ac95e:26257 Attrs: Locality: ServerVersion:19.1 BuildTag:v19.1.3 StartedAt:1572769162482123232 LocalityAddress:[] XXX_NoUnkeyedLiteral:{} XXX_sizecache:0} ClusterID:432835a4-265c-4121-a83d-35d46abcd552 StartedAt:1572769162482123232 LastUp:1572769162482123232}
I191103 08:19:24.216727 105 gossip/gossip.go:1510  [n1] node has connected to cluster via gossip
I191103 08:19:24.216841 105 storage/stores.go:263  [n1] wrote 0 node addresses to persistent storage
I191103 08:19:24.493918 313 server/updates.go:266  [n1] A new version is available: 19.1.5, details: https://www.cockroachlabs.com/docs/releases/v19.1.5.html
I191103 08:19:32.526216 203 server/status/runtime.go:500  [n1] runtime stats: 102 MiB RSS, 141 goroutines, 0 B/0 B/0 B GO alloc/idle/total, 16 MiB/19 MiB CGO alloc/total, 0.0 CGO/sec, 0.0/0.0 %(u/s)time, 0.0 %gc (10x), 15 KiB/16 KiB (r/w)net
I191103 08:19:32.548565 198 storage/store.go:4216  [n1,s1] sstables (read amplification = 0):
I191103 08:19:32.548627 198 storage/store.go:4217  [n1,s1] 
** Compaction Stats [default] **
Level    Files   Size     Score Read(GB)  Rn(GB) Rnp1(GB) Write(GB) Wnew(GB) Moved(GB) W-Amp Rd(MB/s) Wr(MB/s) Comp(sec) Comp(cnt) Avg(sec) KeyIn KeyDrop
----------------------------------------------------------------------------------------------------------------------------------------------------------
 Sum      0/0    0.00 KB   0.0      0.0     0.0      0.0       0.0      0.0       0.0   0.0      0.0      0.0         0         0    0.000       0      0
 Int      0/0    0.00 KB   0.0      0.0     0.0      0.0       0.0      0.0       0.0   0.0      0.0      0.0         0         0    0.000       0      0
Uptime(secs): 10.1 total, 10.1 interval
Flush(GB): cumulative 0.000, interval 0.000
AddFile(GB): cumulative 0.000, interval 0.000
AddFile(Total Files): cumulative 0, interval 0
AddFile(L0 Files): cumulative 0, interval 0
AddFile(Keys): cumulative 0, interval 0
Cumulative compaction: 0.00 GB write, 0.00 MB/s write, 0.00 GB read, 0.00 MB/s read, 0.0 seconds
Interval compaction: 0.00 GB write, 0.00 MB/s write, 0.00 GB read, 0.00 MB/s read, 0.0 seconds
Stalls(count): 0 level0_slowdown, 0 level0_slowdown_with_compaction, 0 level0_numfiles, 0 level0_numfiles_with_compaction, 0 stop for pending_compaction_bytes, 0 slowdown for pending_compaction_bytes, 0 memtable_compaction, 0 memtable_slowdown, interval 0 total count
estimated_pending_compaction_bytes: 0 B
