I191103 08:31:58.102489 1 util/log/clog.go:1199  [config] file created at: 2019/11/03 08:31:58
I191103 08:31:58.102489 1 util/log/clog.go:1199  [config] running on machine: 055e515ac95e
I191103 08:31:58.102489 1 util/log/clog.go:1199  [config] binary: CockroachDB CCL v19.1.3 (x86_64-unknown-linux-gnu, built 2019/07/08 18:24:39, go1.11.6)
I191103 08:31:58.102489 1 util/log/clog.go:1199  [config] arguments: [/cockroach/cockroach start --insecure]
I191103 08:31:58.102489 1 util/log/clog.go:1199  line format: [IWEF]yymmdd hh:mm:ss.uuuuuu goid file:line msg utf8=✓
I191103 08:31:58.102488 1 cli/start.go:1033  logging to directory /cockroach/cockroach-data/logs
W191103 08:31:58.105979 1 cli/start.go:1068  RUNNING IN INSECURE MODE!

- Your cluster is open for any client that can access <all your IP addresses>.
- Any user, even root, can log in without providing a password.
- Any user, connecting as root, can read or write any data in your cluster.
- There is no network encryption nor authentication, and thus no confidentiality.

Check out how to secure your cluster: https://www.cockroachlabs.com/docs/v19.1/secure-a-cluster.html
I191103 08:31:58.106371 1 server/status/recorder.go:610  available memory from cgroups (8.0 EiB) exceeds system memory 2.0 GiB, using system memory
W191103 08:31:58.106463 1 cli/start.go:944  Using the default setting for --cache (128 MiB).
  A significantly larger value is usually needed for good performance.
  If you have a dedicated server a reasonable setting is --cache=.25 (500 MiB).
I191103 08:31:58.106667 1 server/status/recorder.go:610  available memory from cgroups (8.0 EiB) exceeds system memory 2.0 GiB, using system memory
W191103 08:31:58.106690 1 cli/start.go:957  Using the default setting for --max-sql-memory (128 MiB).
  A significantly larger value is usually needed in production.
  If you have a dedicated server a reasonable setting is --max-sql-memory=.25 (500 MiB).
I191103 08:31:58.106755 1 server/status/recorder.go:610  available memory from cgroups (8.0 EiB) exceeds system memory 2.0 GiB, using system memory
I191103 08:31:58.106766 1 cli/start.go:1082  CockroachDB CCL v19.1.3 (x86_64-unknown-linux-gnu, built 2019/07/08 18:24:39, go1.11.6)
I191103 08:31:58.236313 1 server/status/recorder.go:610  available memory from cgroups (8.0 EiB) exceeds system memory 2.0 GiB, using system memory
I191103 08:31:58.236366 1 server/config.go:386  system total memory: 2.0 GiB
I191103 08:31:58.236480 1 server/config.go:388  server configuration:
max offset             500000000
cache size             128 MiB
SQL memory pool size   128 MiB
scan interval          10m0s
scan min idle time     10ms
scan max idle time     1s
event log enabled      true
I191103 08:31:58.236501 1 cli/start.go:922  using local environment variables: COCKROACH_CHANNEL=official-docker
I191103 08:31:58.236518 1 cli/start.go:929  process identity: uid 0 euid 0 gid 0 egid 0
I191103 08:31:58.236528 1 cli/start.go:554  starting cockroach node
I191103 08:31:58.240973 54 storage/engine/rocksdb.go:613  opening rocksdb instance at "/cockroach/cockroach-data/cockroach-temp565090385"
I191103 08:31:58.300419 54 server/server.go:879  [n?] monitoring forward clock jumps based on server.clock.forward_jump_check_enabled
I191103 08:31:58.302347 54 storage/engine/rocksdb.go:613  opening rocksdb instance at "/cockroach/cockroach-data"
W191103 08:31:58.331465 54 storage/engine/rocksdb.go:127  [rocksdb] [/go/src/github.com/cockroachdb/cockroach/c-deps/rocksdb/db/version_set.cc:2566] More existing levels in DB than needed. max_bytes_for_level_multiplier may not be guaranteed.
W191103 08:31:58.404789 54 storage/engine/rocksdb.go:127  [rocksdb] [/go/src/github.com/cockroachdb/cockroach/c-deps/rocksdb/db/version_set.cc:2566] More existing levels in DB than needed. max_bytes_for_level_multiplier may not be guaranteed.
I191103 08:31:58.426686 54 server/config.go:494  [n?] 1 storage engine initialized
I191103 08:31:58.426706 54 server/config.go:497  [n?] RocksDB cache size: 128 MiB
I191103 08:31:58.426719 54 server/config.go:497  [n?] store 0: RocksDB, max size 0 B, max open file limit 1043576
W191103 08:31:58.441225 54 cli/start.go:896  neither --listen-addr nor --advertise-addr was specified.
The server will advertise "055e515ac95e" to other nodes, is this routable?

Consider using:
- for local-only servers:  --listen-addr=localhost
- for multi-node clusters: --advertise-addr=<host/IP addr>
I191103 08:31:58.441919 54 server/server.go:929  [n?] Sleeping till wall time 1572769918441896647 to catches up to 1572769918800370443 to ensure monotonicity. Delta: 358.473796ms
W191103 08:31:58.443830 17 storage/engine/rocksdb.go:127  [rocksdb] [/go/src/github.com/cockroachdb/cockroach/c-deps/rocksdb/db/version_set.cc:2566] More existing levels in DB than needed. max_bytes_for_level_multiplier may not be guaranteed.
I191103 08:31:58.803533 54 gossip/gossip.go:392  [n1] NodeDescriptor set to node_id:1 address:<network_field:"tcp" address_field:"055e515ac95e:26257" > attrs:<> locality:<> ServerVersion:<major_val:19 minor_val:1 patch:0 unstable:0 > build_tag:"v19.1.3" started_at:1572769918803282855 
W191103 08:31:58.815792 148 storage/replica_range_lease.go:506  can't determine lease status due to node liveness error: node not in the liveness table
W191103 08:31:58.816131 148 storage/store.go:1525  [n1,s1,r6/1:/Table/{SystemCon…-11}] could not gossip system config: [NotLeaseHolderError] r6: replica (n1,s1):1 not lease holder; lease holder unknown
I191103 08:31:58.855525 54 server/node.go:461  [n1] initialized store [n1,s1]: disk (capacity=58 TiB, available=18 TiB, used=154 KiB, logicalBytes=818 KiB), ranges=20, leases=2, queries=0.00, writes=0.00, bytesPerReplica={p10=0.00 p25=0.00 p50=0.00 p75=3239.00 p90=25253.00 pMax=794191.00}, writesPerReplica={p10=0.00 p25=0.00 p50=0.00 p75=0.00 p90=0.00 pMax=0.00}
I191103 08:31:58.855654 54 storage/stores.go:244  [n1] read 0 node addresses from persistent storage
I191103 08:31:58.855805 54 server/node.go:699  [n1] connecting to gossip network to verify cluster ID...
I191103 08:31:58.855827 54 server/node.go:719  [n1] node connected via gossip and verified as part of cluster "432835a4-265c-4121-a83d-35d46abcd552"
I191103 08:31:58.855901 54 server/node.go:542  [n1] node=1: started with [<no-attributes>=/cockroach/cockroach-data] engine(s) and attributes []
I191103 08:31:58.856842 54 server/status/recorder.go:610  [n1] available memory from cgroups (8.0 EiB) exceeds system memory 2.0 GiB, using system memory
I191103 08:31:58.857541 54 server/server.go:1592  [n1] starting http server at [::]:8080 (use: 055e515ac95e:8080)
I191103 08:31:58.857559 54 server/server.go:1594  [n1] starting grpc/postgres server at [::]:26257
I191103 08:31:58.857573 54 server/server.go:1595  [n1] advertising CockroachDB node at 055e515ac95e:26257
I191103 08:31:58.866237 54 server/server.go:1660  [n1] done ensuring all necessary migrations have run
I191103 08:31:58.866256 54 server/server.go:1663  [n1] serving sql connections
I191103 08:31:58.866431 54 cli/start.go:689  [config] clusterID: 432835a4-265c-4121-a83d-35d46abcd552
I191103 08:31:58.866447 54 cli/start.go:697  node startup completed:
CockroachDB node starting at 2019-11-03 08:31:58.866356159 +0000 UTC (took 0.8s)
build:               CCL v19.1.3 @ 2019/07/08 18:24:39 (go1.11.6)
webui:               http://055e515ac95e:8080
sql:                 postgresql://root@055e515ac95e:26257?sslmode=disable
client flags:        /cockroach/cockroach <client cmd> --host=055e515ac95e:26257 --insecure
logs:                /cockroach/cockroach-data/logs
temp dir:            /cockroach/cockroach-data/cockroach-temp565090385
external I/O path:   /cockroach/cockroach-data/extern
store[0]:            path=/cockroach/cockroach-data
status:              restarted pre-existing node
clusterID:           432835a4-265c-4121-a83d-35d46abcd552
nodeID:              1
I191103 08:31:58.875721 158 server/server_update.go:67  [n1] no need to upgrade, cluster already at the newest version
I191103 08:31:58.885759 161 sql/event_log.go:135  [n1] Event: "node_restart", target: 1, info: {Descriptor:{NodeID:1 Address:055e515ac95e:26257 Attrs: Locality: ServerVersion:19.1 BuildTag:v19.1.3 StartedAt:1572769918803282855 LocalityAddress:[] XXX_NoUnkeyedLiteral:{} XXX_sizecache:0} ClusterID:432835a4-265c-4121-a83d-35d46abcd552 StartedAt:1572769918803282855 LastUp:1572769881519292876}
I191103 08:32:00.513972 92 gossip/gossip.go:1510  [n1] node has connected to cluster via gossip
I191103 08:32:00.514096 92 storage/stores.go:263  [n1] wrote 0 node addresses to persistent storage
I191103 08:32:08.839683 165 server/status/runtime.go:500  [n1] runtime stats: 90 MiB RSS, 131 goroutines, 83 MiB/40 MiB/135 MiB GO alloc/idle/total, 15 MiB/21 MiB CGO alloc/total, 0.0 CGO/sec, 0.0/0.0 %(u/s)time, 0.0 %gc (8x), 500 B/0 B (r/w)net
I191103 08:32:08.866781 31 storage/store.go:4216  [n1,s1] sstables (read amplification = 1):
6 [ 87K 1 ]: 87K
I191103 08:32:08.866858 31 storage/store.go:4217  [n1,s1] 
** Compaction Stats [default] **
Level    Files   Size     Score Read(GB)  Rn(GB) Rnp1(GB) Write(GB) Wnew(GB) Moved(GB) W-Amp Rd(MB/s) Wr(MB/s) Comp(sec) Comp(cnt) Avg(sec) KeyIn KeyDrop
----------------------------------------------------------------------------------------------------------------------------------------------------------
  L0      0/0    0.00 KB   0.0      0.0     0.0      0.0       0.0      0.0       0.0   1.0      0.0      2.3         0         1    0.029       0      0
  L6      1/0   87.02 KB   0.0      0.0     0.0      0.0       0.0      0.0       0.0   0.8      8.5      4.3         0         1    0.020    2899    386
 Sum      1/0   87.02 KB   0.0      0.0     0.0      0.0       0.0      0.0       0.0   2.3      3.5      3.1         0         2    0.024    2899    386
 Int      0/0    0.00 KB   0.0      0.0     0.0      0.0       0.0      0.0       0.0   2.3      3.5      3.1         0         2    0.024    2899    386
Uptime(secs): 10.5 total, 10.5 interval
Flush(GB): cumulative 0.000, interval 0.000
AddFile(GB): cumulative 0.000, interval 0.000
AddFile(Total Files): cumulative 0, interval 0
AddFile(L0 Files): cumulative 0, interval 0
AddFile(Keys): cumulative 0, interval 0
Cumulative compaction: 0.00 GB write, 0.01 MB/s write, 0.00 GB read, 0.02 MB/s read, 0.0 seconds
Interval compaction: 0.00 GB write, 0.01 MB/s write, 0.00 GB read, 0.02 MB/s read, 0.0 seconds
Stalls(count): 0 level0_slowdown, 0 level0_slowdown_with_compaction, 0 level0_numfiles, 0 level0_numfiles_with_compaction, 0 stop for pending_compaction_bytes, 0 slowdown for pending_compaction_bytes, 0 memtable_compaction, 0 memtable_slowdown, interval 0 total count
estimated_pending_compaction_bytes: 0 B
I191103 08:32:18.844881 165 server/status/runtime.go:500  [n1] runtime stats: 94 MiB RSS, 131 goroutines, 79 MiB/43 MiB/135 MiB GO alloc/idle/total, 16 MiB/21 MiB CGO alloc/total, 45.9 CGO/sec, 1.1/0.8 %(u/s)time, 0.0 %gc (1x), 112 B/0 B (r/w)net
I191103 08:32:28.846876 165 server/status/runtime.go:500  [n1] runtime stats: 95 MiB RSS, 132 goroutines, 86 MiB/37 MiB/135 MiB GO alloc/idle/total, 16 MiB/22 MiB CGO alloc/total, 37.4 CGO/sec, 0.5/1.0 %(u/s)time, 0.0 %gc (0x), 70 B/0 B (r/w)net
I191103 08:32:28.877369 1 cli/start.go:765  received signal 'terminated'
I191103 08:32:28.879094 1 cli/start.go:830  initiating graceful shutdown of server
I191103 08:32:28.886086 258 util/stop/stopper.go:546  [server drain process] quiescing; tasks left:
1      node.Node: writing summary
1      [async] stats.Refresher: maybeRefreshStats
1      [async] intent_resolver_ir_batcher
1      [async] intent_resolver_gc_batcher
1      [async] closedts-rangefeed-subscriber
I191103 08:32:28.887771 258 util/stop/stopper.go:546  [server drain process] quiescing; tasks left:
1      node.Node: writing summary
1      [async] closedts-rangefeed-subscriber
I191103 08:32:28.888707 258 util/stop/stopper.go:546  [server drain process] quiescing; tasks left:
1      node.Node: writing summary
W191103 08:32:28.916184 167 server/node.go:851  [n1,summaries] error recording status summaries: node unavailable; try another peer
I191103 08:32:28.917497 258 storage/engine/rocksdb.go:753  closing rocksdb instance at "/cockroach/cockroach-data/cockroach-temp565090385"
I191103 08:32:28.930060 258 storage/engine/rocksdb.go:753  closing rocksdb instance at "/cockroach/cockroach-data"
I191103 08:32:28.934630 1 cli/start.go:876  server drained and shutdown completed
