I191103 08:25:25.444656 1 util/log/clog.go:1199  [config] file created at: 2019/11/03 08:25:25
I191103 08:25:25.444656 1 util/log/clog.go:1199  [config] running on machine: 055e515ac95e
I191103 08:25:25.444656 1 util/log/clog.go:1199  [config] binary: CockroachDB CCL v19.1.3 (x86_64-unknown-linux-gnu, built 2019/07/08 18:24:39, go1.11.6)
I191103 08:25:25.444656 1 util/log/clog.go:1199  [config] arguments: [/cockroach/cockroach start --insecure]
I191103 08:25:25.444656 1 util/log/clog.go:1199  line format: [IWEF]yymmdd hh:mm:ss.uuuuuu goid file:line msg utf8=✓
I191103 08:25:25.444655 1 cli/start.go:1033  logging to directory /cockroach/cockroach-data/logs
W191103 08:25:25.447957 1 cli/start.go:1068  RUNNING IN INSECURE MODE!

- Your cluster is open for any client that can access <all your IP addresses>.
- Any user, even root, can log in without providing a password.
- Any user, connecting as root, can read or write any data in your cluster.
- There is no network encryption nor authentication, and thus no confidentiality.

Check out how to secure your cluster: https://www.cockroachlabs.com/docs/v19.1/secure-a-cluster.html
I191103 08:25:25.448289 1 server/status/recorder.go:610  available memory from cgroups (8.0 EiB) exceeds system memory 2.0 GiB, using system memory
W191103 08:25:25.448449 1 cli/start.go:944  Using the default setting for --cache (128 MiB).
  A significantly larger value is usually needed for good performance.
  If you have a dedicated server a reasonable setting is --cache=.25 (500 MiB).
I191103 08:25:25.448610 1 server/status/recorder.go:610  available memory from cgroups (8.0 EiB) exceeds system memory 2.0 GiB, using system memory
W191103 08:25:25.448637 1 cli/start.go:957  Using the default setting for --max-sql-memory (128 MiB).
  A significantly larger value is usually needed in production.
  If you have a dedicated server a reasonable setting is --max-sql-memory=.25 (500 MiB).
I191103 08:25:25.448779 1 server/status/recorder.go:610  available memory from cgroups (8.0 EiB) exceeds system memory 2.0 GiB, using system memory
I191103 08:25:25.448791 1 cli/start.go:1082  CockroachDB CCL v19.1.3 (x86_64-unknown-linux-gnu, built 2019/07/08 18:24:39, go1.11.6)
I191103 08:25:25.570006 1 server/status/recorder.go:610  available memory from cgroups (8.0 EiB) exceeds system memory 2.0 GiB, using system memory
I191103 08:25:25.570042 1 server/config.go:386  system total memory: 2.0 GiB
I191103 08:25:25.570088 1 server/config.go:388  server configuration:
max offset             500000000
cache size             128 MiB
SQL memory pool size   128 MiB
scan interval          10m0s
scan min idle time     10ms
scan max idle time     1s
event log enabled      true
I191103 08:25:25.570106 1 cli/start.go:922  using local environment variables: COCKROACH_CHANNEL=official-docker
I191103 08:25:25.570120 1 cli/start.go:929  process identity: uid 0 euid 0 gid 0 egid 0
I191103 08:25:25.570130 1 cli/start.go:554  starting cockroach node
I191103 08:25:25.572633 10 storage/engine/rocksdb.go:613  opening rocksdb instance at "/cockroach/cockroach-data/cockroach-temp286581873"
I191103 08:25:25.651561 10 server/server.go:879  [n?] monitoring forward clock jumps based on server.clock.forward_jump_check_enabled
I191103 08:25:25.652808 10 storage/engine/rocksdb.go:613  opening rocksdb instance at "/cockroach/cockroach-data"
I191103 08:25:25.707058 10 server/config.go:494  [n?] 1 storage engine initialized
I191103 08:25:25.707071 10 server/config.go:497  [n?] RocksDB cache size: 128 MiB
I191103 08:25:25.707075 10 server/config.go:497  [n?] store 0: RocksDB, max size 0 B, max open file limit 1043576
W191103 08:25:25.723323 17 storage/engine/rocksdb.go:127  [rocksdb] [/go/src/github.com/cockroachdb/cockroach/c-deps/rocksdb/db/version_set.cc:2566] More existing levels in DB than needed. max_bytes_for_level_multiplier may not be guaranteed.
W191103 08:25:25.729429 10 cli/start.go:896  neither --listen-addr nor --advertise-addr was specified.
The server will advertise "055e515ac95e" to other nodes, is this routable?

Consider using:
- for local-only servers:  --listen-addr=localhost
- for multi-node clusters: --advertise-addr=<host/IP addr>
I191103 08:25:25.729987 10 server/server.go:929  [n?] Sleeping till wall time 1572769525729963714 to catches up to 1572769526151487304 to ensure monotonicity. Delta: 421.52359ms
I191103 08:25:26.152522 10 gossip/gossip.go:392  [n1] NodeDescriptor set to node_id:1 address:<network_field:"tcp" address_field:"055e515ac95e:26257" > attrs:<> locality:<> ServerVersion:<major_val:19 minor_val:1 patch:0 unstable:0 > build_tag:"v19.1.3" started_at:1572769526152353510 
W191103 08:25:26.169302 154 storage/replica_range_lease.go:506  can't determine lease status due to node liveness error: node not in the liveness table
W191103 08:25:26.169353 154 storage/store.go:1525  [n1,s1,r6/1:/Table/{SystemCon…-11}] could not gossip system config: [NotLeaseHolderError] r6: replica (n1,s1):1 not lease holder; lease holder unknown
I191103 08:25:26.191352 10 server/node.go:461  [n1] initialized store [n1,s1]: disk (capacity=58 TiB, available=17 TiB, used=108 KiB, logicalBytes=133 KiB), ranges=20, leases=2, queries=0.00, writes=0.00, bytesPerReplica={p10=0.00 p25=0.00 p50=0.00 p75=887.00 p90=25248.00 pMax=97087.00}, writesPerReplica={p10=0.00 p25=0.00 p50=0.00 p75=0.00 p90=0.00 pMax=0.00}
I191103 08:25:26.191475 10 storage/stores.go:244  [n1] read 0 node addresses from persistent storage
I191103 08:25:26.191596 10 server/node.go:699  [n1] connecting to gossip network to verify cluster ID...
I191103 08:25:26.191620 10 server/node.go:719  [n1] node connected via gossip and verified as part of cluster "432835a4-265c-4121-a83d-35d46abcd552"
I191103 08:25:26.191703 10 server/node.go:542  [n1] node=1: started with [<no-attributes>=/cockroach/cockroach-data] engine(s) and attributes []
I191103 08:25:26.193330 10 server/status/recorder.go:610  [n1] available memory from cgroups (8.0 EiB) exceeds system memory 2.0 GiB, using system memory
I191103 08:25:26.193835 10 server/server.go:1592  [n1] starting http server at [::]:8080 (use: 055e515ac95e:8080)
I191103 08:25:26.193857 10 server/server.go:1594  [n1] starting grpc/postgres server at [::]:26257
I191103 08:25:26.193875 10 server/server.go:1595  [n1] advertising CockroachDB node at 055e515ac95e:26257
I191103 08:25:26.197156 10 server/server.go:1660  [n1] done ensuring all necessary migrations have run
I191103 08:25:26.197167 10 server/server.go:1663  [n1] serving sql connections
I191103 08:25:26.197239 10 cli/start.go:689  [config] clusterID: 432835a4-265c-4121-a83d-35d46abcd552
I191103 08:25:26.197253 10 cli/start.go:697  node startup completed:
CockroachDB node starting at 2019-11-03 08:25:26.197200513 +0000 UTC (took 0.8s)
build:               CCL v19.1.3 @ 2019/07/08 18:24:39 (go1.11.6)
webui:               http://055e515ac95e:8080
sql:                 postgresql://root@055e515ac95e:26257?sslmode=disable
client flags:        /cockroach/cockroach <client cmd> --host=055e515ac95e:26257 --insecure
logs:                /cockroach/cockroach-data/logs
temp dir:            /cockroach/cockroach-data/cockroach-temp286581873
external I/O path:   /cockroach/cockroach-data/extern
store[0]:            path=/cockroach/cockroach-data
status:              restarted pre-existing node
clusterID:           432835a4-265c-4121-a83d-35d46abcd552
nodeID:              1
I191103 08:25:26.207568 183 server/server_update.go:67  [n1] no need to upgrade, cluster already at the newest version
I191103 08:25:26.219264 186 sql/event_log.go:135  [n1] Event: "node_restart", target: 1, info: {Descriptor:{NodeID:1 Address:055e515ac95e:26257 Attrs: Locality: ServerVersion:19.1 BuildTag:v19.1.3 StartedAt:1572769526152353510 LocalityAddress:[] XXX_NoUnkeyedLiteral:{} XXX_sizecache:0} ClusterID:432835a4-265c-4121-a83d-35d46abcd552 StartedAt:1572769526152353510 LastUp:1572769239710480539}
I191103 08:25:27.980421 86 gossip/gossip.go:1510  [n1] node has connected to cluster via gossip
I191103 08:25:27.980608 86 storage/stores.go:263  [n1] wrote 0 node addresses to persistent storage
