I191103 08:20:28.243426 1 util/log/clog.go:1199  [config] file created at: 2019/11/03 08:20:28
I191103 08:20:28.243426 1 util/log/clog.go:1199  [config] running on machine: 055e515ac95e
I191103 08:20:28.243426 1 util/log/clog.go:1199  [config] binary: CockroachDB CCL v19.1.3 (x86_64-unknown-linux-gnu, built 2019/07/08 18:24:39, go1.11.6)
I191103 08:20:28.243426 1 util/log/clog.go:1199  [config] arguments: [/cockroach/cockroach start --insecure]
I191103 08:20:28.243426 1 util/log/clog.go:1199  line format: [IWEF]yymmdd hh:mm:ss.uuuuuu goid file:line msg utf8=✓
I191103 08:20:28.243425 1 cli/start.go:1033  logging to directory /cockroach/cockroach-data/logs
W191103 08:20:28.247143 1 cli/start.go:1068  RUNNING IN INSECURE MODE!

- Your cluster is open for any client that can access <all your IP addresses>.
- Any user, even root, can log in without providing a password.
- Any user, connecting as root, can read or write any data in your cluster.
- There is no network encryption nor authentication, and thus no confidentiality.

Check out how to secure your cluster: https://www.cockroachlabs.com/docs/v19.1/secure-a-cluster.html
I191103 08:20:28.247535 1 server/status/recorder.go:610  available memory from cgroups (8.0 EiB) exceeds system memory 2.0 GiB, using system memory
W191103 08:20:28.247682 1 cli/start.go:944  Using the default setting for --cache (128 MiB).
  A significantly larger value is usually needed for good performance.
  If you have a dedicated server a reasonable setting is --cache=.25 (500 MiB).
I191103 08:20:28.247807 1 server/status/recorder.go:610  available memory from cgroups (8.0 EiB) exceeds system memory 2.0 GiB, using system memory
W191103 08:20:28.247824 1 cli/start.go:957  Using the default setting for --max-sql-memory (128 MiB).
  A significantly larger value is usually needed in production.
  If you have a dedicated server a reasonable setting is --max-sql-memory=.25 (500 MiB).
I191103 08:20:28.247963 1 server/status/recorder.go:610  available memory from cgroups (8.0 EiB) exceeds system memory 2.0 GiB, using system memory
I191103 08:20:28.247988 1 cli/start.go:1082  CockroachDB CCL v19.1.3 (x86_64-unknown-linux-gnu, built 2019/07/08 18:24:39, go1.11.6)
I191103 08:20:28.384773 1 server/status/recorder.go:610  available memory from cgroups (8.0 EiB) exceeds system memory 2.0 GiB, using system memory
I191103 08:20:28.384788 1 server/config.go:386  system total memory: 2.0 GiB
I191103 08:20:28.384821 1 server/config.go:388  server configuration:
max offset             500000000
cache size             128 MiB
SQL memory pool size   128 MiB
scan interval          10m0s
scan min idle time     10ms
scan max idle time     1s
event log enabled      true
I191103 08:20:28.384833 1 cli/start.go:922  using local environment variables: COCKROACH_CHANNEL=official-docker
I191103 08:20:28.384842 1 cli/start.go:929  process identity: uid 0 euid 0 gid 0 egid 0
I191103 08:20:28.384848 1 cli/start.go:554  starting cockroach node
I191103 08:20:28.387524 42 storage/engine/rocksdb.go:613  opening rocksdb instance at "/cockroach/cockroach-data/cockroach-temp260893535"
I191103 08:20:28.442227 42 server/server.go:879  [n?] monitoring forward clock jumps based on server.clock.forward_jump_check_enabled
I191103 08:20:28.445095 42 storage/engine/rocksdb.go:613  opening rocksdb instance at "/cockroach/cockroach-data"
I191103 08:20:28.519081 42 server/config.go:494  [n?] 1 storage engine initialized
I191103 08:20:28.519148 42 server/config.go:497  [n?] RocksDB cache size: 128 MiB
I191103 08:20:28.519154 42 server/config.go:497  [n?] store 0: RocksDB, max size 0 B, max open file limit 1043576
W191103 08:20:28.526672 42 cli/start.go:896  neither --listen-addr nor --advertise-addr was specified.
The server will advertise "055e515ac95e" to other nodes, is this routable?

Consider using:
- for local-only servers:  --listen-addr=localhost
- for multi-node clusters: --advertise-addr=<host/IP addr>
I191103 08:20:28.527130 42 server/server.go:929  [n?] Sleeping till wall time 1572769228527111792 to catches up to 1572769228942159667 to ensure monotonicity. Delta: 415.047875ms
I191103 08:20:28.943279 42 gossip/gossip.go:392  [n1] NodeDescriptor set to node_id:1 address:<network_field:"tcp" address_field:"055e515ac95e:26257" > attrs:<> locality:<> ServerVersion:<major_val:19 minor_val:1 patch:0 unstable:0 > build_tag:"v19.1.3" started_at:1572769228943131248 
W191103 08:20:28.963235 141 storage/replica_range_lease.go:506  can't determine lease status due to node liveness error: node not in the liveness table
W191103 08:20:28.963329 141 storage/store.go:1525  [n1,s1,r6/1:/Table/{SystemCon…-11}] could not gossip system config: [NotLeaseHolderError] r6: replica (n1,s1):1 not lease holder; lease holder unknown
I191103 08:20:29.021180 42 server/node.go:461  [n1] initialized store [n1,s1]: disk (capacity=58 TiB, available=17 TiB, used=98 KiB, logicalBytes=92 KiB), ranges=20, leases=2, queries=0.00, writes=0.00, bytesPerReplica={p10=0.00 p25=0.00 p50=0.00 p75=887.00 p90=25248.00 pMax=56856.00}, writesPerReplica={p10=0.00 p25=0.00 p50=0.00 p75=0.00 p90=0.00 pMax=0.00}
I191103 08:20:29.021331 42 storage/stores.go:244  [n1] read 0 node addresses from persistent storage
I191103 08:20:29.021472 42 server/node.go:699  [n1] connecting to gossip network to verify cluster ID...
I191103 08:20:29.021499 42 server/node.go:719  [n1] node connected via gossip and verified as part of cluster "432835a4-265c-4121-a83d-35d46abcd552"
I191103 08:20:29.021686 42 server/node.go:542  [n1] node=1: started with [<no-attributes>=/cockroach/cockroach-data] engine(s) and attributes []
I191103 08:20:29.022535 42 server/status/recorder.go:610  [n1] available memory from cgroups (8.0 EiB) exceeds system memory 2.0 GiB, using system memory
I191103 08:20:29.023413 42 server/server.go:1592  [n1] starting http server at [::]:8080 (use: 055e515ac95e:8080)
I191103 08:20:29.032736 42 server/server.go:1594  [n1] starting grpc/postgres server at [::]:26257
I191103 08:20:29.032845 42 server/server.go:1595  [n1] advertising CockroachDB node at 055e515ac95e:26257
I191103 08:20:29.072433 161 storage/node_liveness.go:453  [n1,hb] heartbeat failed on epoch increment; retrying
I191103 08:20:29.075637 42 server/server.go:1660  [n1] done ensuring all necessary migrations have run
I191103 08:20:29.075648 42 server/server.go:1663  [n1] serving sql connections
I191103 08:20:29.075756 42 cli/start.go:689  [config] clusterID: 432835a4-265c-4121-a83d-35d46abcd552
I191103 08:20:29.075783 42 cli/start.go:697  node startup completed:
CockroachDB node starting at 2019-11-03 08:20:29.075689385 +0000 UTC (took 0.8s)
build:               CCL v19.1.3 @ 2019/07/08 18:24:39 (go1.11.6)
webui:               http://055e515ac95e:8080
sql:                 postgresql://root@055e515ac95e:26257?sslmode=disable
client flags:        /cockroach/cockroach <client cmd> --host=055e515ac95e:26257 --insecure
logs:                /cockroach/cockroach-data/logs
temp dir:            /cockroach/cockroach-data/cockroach-temp260893535
external I/O path:   /cockroach/cockroach-data/extern
store[0]:            path=/cockroach/cockroach-data
status:              restarted pre-existing node
clusterID:           432835a4-265c-4121-a83d-35d46abcd552
nodeID:              1
I191103 08:20:29.089136 169 server/server_update.go:67  [n1] no need to upgrade, cluster already at the newest version
I191103 08:20:29.101895 172 sql/event_log.go:135  [n1] Event: "node_restart", target: 1, info: {Descriptor:{NodeID:1 Address:055e515ac95e:26257 Attrs: Locality: ServerVersion:19.1 BuildTag:v19.1.3 StartedAt:1572769228943131248 LocalityAddress:[] XXX_NoUnkeyedLiteral:{} XXX_sizecache:0} ClusterID:432835a4-265c-4121-a83d-35d46abcd552 StartedAt:1572769228943131248 LastUp:1572769171532021366}
I191103 08:20:29.108399 189 sql/lease.go:1857  released orphaned table lease: {id:23 version:1 expiration:{Time:{wall:17733000 ext:63708366261 loc:<nil>}}}
I191103 08:20:30.201019 97 gossip/gossip.go:1510  [n1] node has connected to cluster via gossip
I191103 08:20:30.201117 97 storage/stores.go:263  [n1] wrote 0 node addresses to persistent storage
I191103 08:20:30.369026 174 server/updates.go:266  [n1] A new version is available: 19.1.5, details: https://www.cockroachlabs.com/docs/releases/v19.1.5.html
I191103 08:20:32.980256 223 storage/replica_consistency.go:198  [n1,consistencyChecker,s1,r4/1:/System{/tsd-tse}] triggering stats recomputation to resolve delta of {ContainsEstimates:true LastUpdateNanos:1572769229031127058 IntentAge:0 GCBytesAge:0 LiveBytes:16625 LiveCount:-591 KeyBytes:-28471 KeyCount:-591 ValBytes:45096 ValCount:-591 IntentBytes:0 IntentCount:0 SysBytes:0 SysCount:0 XXX_NoUnkeyedLiteral:{} XXX_sizecache:0}
I191103 08:20:39.005583 154 server/status/runtime.go:500  [n1] runtime stats: 107 MiB RSS, 141 goroutines, 100 MiB/24 MiB/135 MiB GO alloc/idle/total, 15 MiB/20 MiB CGO alloc/total, 0.0 CGO/sec, 0.0/0.0 %(u/s)time, 0.0 %gc (9x), 12 KiB/9.5 KiB (r/w)net
I191103 08:20:39.033613 149 storage/store.go:4216  [n1,s1] sstables (read amplification = 1):
0 [ 62K 1 ]: 62K
I191103 08:20:39.033688 149 storage/store.go:4217  [n1,s1] 
** Compaction Stats [default] **
Level    Files   Size     Score Read(GB)  Rn(GB) Rnp1(GB) Write(GB) Wnew(GB) Moved(GB) W-Amp Rd(MB/s) Wr(MB/s) Comp(sec) Comp(cnt) Avg(sec) KeyIn KeyDrop
----------------------------------------------------------------------------------------------------------------------------------------------------------
  L0      1/0   61.89 KB   0.5      0.0     0.0      0.0       0.0      0.0       0.0   1.9      3.8      7.3         0         2    0.009    1107     62
 Sum      1/0   61.89 KB   0.0      0.0     0.0      0.0       0.0      0.0       0.0   1.9      3.8      7.3         0         2    0.009    1107     62
 Int      0/0    0.00 KB   0.0      0.0     0.0      0.0       0.0      0.0       0.0   1.9      3.8      7.3         0         2    0.009    1107     62
Uptime(secs): 10.6 total, 10.6 interval
Flush(GB): cumulative 0.000, interval 0.000
AddFile(GB): cumulative 0.000, interval 0.000
AddFile(Total Files): cumulative 0, interval 0
AddFile(L0 Files): cumulative 0, interval 0
AddFile(Keys): cumulative 0, interval 0
Cumulative compaction: 0.00 GB write, 0.01 MB/s write, 0.00 GB read, 0.01 MB/s read, 0.0 seconds
Interval compaction: 0.00 GB write, 0.01 MB/s write, 0.00 GB read, 0.01 MB/s read, 0.0 seconds
Stalls(count): 0 level0_slowdown, 0 level0_slowdown_with_compaction, 0 level0_numfiles, 0 level0_numfiles_with_compaction, 0 stop for pending_compaction_bytes, 0 slowdown for pending_compaction_bytes, 0 memtable_compaction, 0 memtable_slowdown, interval 0 total count
estimated_pending_compaction_bytes: 0 B
I191103 08:20:39.706869 1 cli/start.go:765  received signal 'terminated'
I191103 08:20:39.707444 1 cli/start.go:830  initiating graceful shutdown of server
I191103 08:20:39.711024 238 util/stop/stopper.go:546  [server drain process] quiescing; tasks left:
1      [async] intent_resolver_ir_batcher
1      [async] intent_resolver_gc_batcher
1      [async] closedts-rangefeed-subscriber
I191103 08:20:39.715291 238 storage/engine/rocksdb.go:753  closing rocksdb instance at "/cockroach/cockroach-data/cockroach-temp260893535"
I191103 08:20:39.728650 238 storage/engine/rocksdb.go:753  closing rocksdb instance at "/cockroach/cockroach-data"
I191103 08:20:39.732286 1 cli/start.go:876  server drained and shutdown completed
